<?xml version="1.0" encoding="UTF-8"?>
<!-- Generated by org.testng.reporters.JUnitXMLReporter -->
<testsuite hostname="ip-172-31-30-13.us-east-2.compute.internal" ignored="0" name="Test" tests="4" failures="0" timestamp="2019-12-29T07:40:04 UTC" time="0.052" errors="0">
  <testcase name="difference" time="0.01" classname="QA.IT2"/>
  <testcase name="division" time="0.0" classname="QA.IT2"/>
  <testcase name="multiplication" time="0.0" classname="QA.IT2"/>
  <testcase name="sum" time="0.0" classname="QA.IT2"/>
</testsuite> <!-- Test -->
