<?xml version="1.0" encoding="UTF-8"?>
<testsuite xmlns:xsi="http://www.w3.org/2001/XMLSchema-instance" xsi:noNamespaceSchemaLocation="https://maven.apache.org/surefire/maven-surefire-plugin/xsd/surefire-test-report.xsd" name="TestSuite" time="0.624" tests="4" errors="0" skipped="0" failures="0">
  <properties>
[...]
</properties>
  <testcase name="difference" classname="QA.IT2" time="0.009"/>
  <testcase name="division" classname="QA.IT2" time="0"/>
  <testcase name="multiplication" classname="QA.IT2" time="0"/>
  <testcase name="sum" classname="QA.IT2" time="0"/>
</testsuite>