<?xml version="1.0" encoding="UTF-8"?>
<testng-results skipped="0" failed="0" ignored="0" total="4" passed="4">
  <reporter-output>
  </reporter-output>
  <suite name="Suite" duration-ms="52" started-at="2019-12-29T07:40:04 UTC" finished-at="2019-12-29T07:40:04 UTC">
    <groups>
    </groups>
    <test name="Test" duration-ms="52" started-at="2019-12-29T07:40:04 UTC" finished-at="2019-12-29T07:40:04 UTC">
      <class name="QA.IT2">
        <test-method status="PASS" signature="difference()[pri:0, instance:QA.IT2@4ae263bf]" name="difference" duration-ms="10" started-at="2019-12-29T07:40:04 UTC" finished-at="2019-12-29T07:40:04 UTC">
          <reporter-output>
          </reporter-output>
        </test-method> <!-- difference -->
        <test-method status="PASS" signature="division()[pri:0, instance:QA.IT2@4ae263bf]" name="division" duration-ms="0" started-at="2019-12-29T07:40:04 UTC" finished-at="2019-12-29T07:40:04 UTC">
          <reporter-output>
          </reporter-output>
        </test-method> <!-- division -->
        <test-method status="PASS" signature="multiplication()[pri:0, instance:QA.IT2@4ae263bf]" name="multiplication" duration-ms="0" started-at="2019-12-29T07:40:04 UTC" finished-at="2019-12-29T07:40:04 UTC">
          <reporter-output>
          </reporter-output>
        </test-method> <!-- multiplication -->
        <test-method status="PASS" signature="sum()[pri:0, instance:QA.IT2@4ae263bf]" name="sum" duration-ms="0" started-at="2019-12-29T07:40:04 UTC" finished-at="2019-12-29T07:40:04 UTC">
          <reporter-output>
          </reporter-output>
        </test-method> <!-- sum -->
      </class> <!-- QA.IT2 -->
    </test> <!-- Test -->
  </suite> <!-- Suite -->
</testng-results>
